2020.12.11 19:13:57 INFO  Started: Metals version 0.9.7 in workspace '/mnt/c/users/81801/workspace/scala_libs/scala_usage_playground' for client vscode.
2020.12.11 19:13:59 INFO  time: initialize in 2.56s
2020.12.11 19:14:01 WARN  Build server is not auto-connectable.
2020.12.11 19:14:21 WARN  no build target for: /mnt/c/users/81801/workspace/scala_libs/scala_usage_playground/src/main/scala/basic/strings.scala
2020.12.11 19:14:26 INFO  no build target: using presentation compiler with only scala-library
2020.12.11 19:14:26 WARN  no build target for: /mnt/c/users/81801/workspace/scala_libs/scala_usage_playground/src/main/scala/class_usages/implicits/double_extensions.scala
2020.12.11 19:14:31 WARN  no build target for: /mnt/c/users/81801/workspace/scala_libs/scala_usage_playground/src/main/scala/class_usages/implicits/sample/MinMax.scala
Dec 11, 2020 7:14:53 PM org.eclipse.lsp4j.jsonrpc.RemoteEndpoint handleCancellation
WARNING: Unmatched cancel notification for request id 87
2020.12.11 19:15:04 WARN  no build target for: /mnt/c/users/81801/workspace/scala_libs/scala_usage_playground/src/main/scala/basic/strings.scala
2020.12.11 19:15:47 WARN  no build target for: /mnt/c/users/81801/workspace/scala_libs/scala_usage_playground/build.sbt
2020.12.11 19:19:16 WARN  no build target for: /mnt/c/users/81801/workspace/scala_libs/scala_usage_playground/src/main/scala/class_usages/implicits/sample/Bmi.scala
2020.12.11 19:21:15 WARN  no build target for: /mnt/c/users/81801/workspace/scala_libs/scala_usage_playground/src/main/scala/basic/strings.scala
Dec 11, 2020 7:21:37 PM org.eclipse.lsp4j.jsonrpc.RemoteEndpoint handleCancellation
WARNING: Unmatched cancel notification for request id 279
Dec 11, 2020 7:23:00 PM org.eclipse.lsp4j.jsonrpc.RemoteEndpoint handleCancellation
WARNING: Unmatched cancel notification for request id 578
Dec 11, 2020 7:23:00 PM org.eclipse.lsp4j.jsonrpc.RemoteEndpoint handleCancellation
WARNING: Unmatched cancel notification for request id 580
Dec 11, 2020 7:23:06 PM org.eclipse.lsp4j.jsonrpc.RemoteEndpoint handleCancellation
WARNING: Unmatched cancel notification for request id 617
2020.12.11 19:23:46 WARN  no build target for: /mnt/c/users/81801/workspace/scala_libs/scala_usage_playground/src/main/scala/basic/strings.scala
2020.12.11 19:24:24 WARN  no build target for: /mnt/c/users/81801/workspace/scala_libs/scala_usage_playground/src/main/scala/basic/strings.scala
2020.12.11 19:24:39 WARN  no build target for: /mnt/c/users/81801/workspace/scala_libs/scala_usage_playground/src/main/scala/basic/strings.scala
2020.12.11 19:24:45 WARN  no build target for: /mnt/c/users/81801/workspace/scala_libs/scala_usage_playground/src/main/scala/basic/strings.scala
2020.12.11 19:24:47 WARN  no build target for: /mnt/c/users/81801/workspace/scala_libs/scala_usage_playground/src/main/scala/basic/strings.scala
2020.12.11 19:24:50 WARN  code navigation does not work for the file '/mnt/c/users/81801/workspace/scala_libs/scala_usage_playground/src/main/scala/basic/strings.scala' because it doesn't belong to a build target.
2020.12.11 19:25:09 WARN  no build target for: /mnt/c/users/81801/workspace/scala_libs/scala_usage_playground/src/main/scala/basic/strings.scala
2020.12.11 19:25:14 WARN  code navigation does not work for the file '/mnt/c/users/81801/workspace/scala_libs/scala_usage_playground/src/main/scala/basic/strings.scala' because it doesn't belong to a build target.
2020.12.11 19:25:14 WARN  code navigation does not work for the file '/mnt/c/users/81801/workspace/scala_libs/scala_usage_playground/src/main/scala/basic/strings.scala' because it doesn't belong to a build target.
2020.12.11 19:25:50 WARN  code navigation does not work for the file '/mnt/c/users/81801/workspace/scala_libs/scala_usage_playground/src/main/scala/basic/strings.scala' because it doesn't belong to a build target.
2020.12.11 19:26:01 WARN  code navigation does not work for the file '/mnt/c/users/81801/workspace/scala_libs/scala_usage_playground/src/main/scala/basic/strings.scala' because it doesn't belong to a build target.
2020.12.11 19:26:01 WARN  no build target for: /mnt/c/users/81801/workspace/scala_libs/scala_usage_playground/src/main/scala/basic/strings.scala
2020.12.11 19:26:18 INFO  shutting down Metals
2021.01.21 16:31:11 INFO  Started: Metals version 0.9.8 in workspace '/mnt/c/users/81801/workspace/scala_libs/scala_usage_playground' for client vscode.
2021.01.21 16:31:14 INFO  time: initialize in 3.21s
2021.01.21 16:31:15 WARN  Build server is not auto-connectable.
2021.01.21 16:31:29 WARN  no build target for: /mnt/c/users/81801/workspace/scala_libs/scala_usage_playground/src/main/scala/functional_usage/TypeClassUsage.scala
2021.01.21 16:31:31 INFO  no build target: using presentation compiler with only scala-library
2021.01.21 16:31:44 WARN  no build target for: /mnt/c/users/81801/workspace/scala_libs/scala_usage_playground/src/main/scala/web/akka/JWTDirectives.scala
Jan 21, 2021 4:32:19 PM org.eclipse.lsp4j.jsonrpc.RemoteEndpoint handleCancellation
WARNING: Unmatched cancel notification for request id 75
Jan 21, 2021 4:32:19 PM org.eclipse.lsp4j.jsonrpc.RemoteEndpoint handleCancellation
WARNING: Unmatched cancel notification for request id 77
2021.01.21 16:32:24 WARN  code navigation does not work for the file '/mnt/c/users/81801/workspace/scala_libs/scala_usage_playground/src/main/scala/web/akka/JWTDirectives.scala' because it doesn't belong to a build target.
2021.01.21 16:32:24 WARN  no build target for: /mnt/c/users/81801/workspace/scala_libs/scala_usage_playground/src/main/scala/web/akka/JWTDirectives.scala
2021.01.21 16:32:37 WARN  no build target for: /mnt/c/users/81801/workspace/scala_libs/scala_usage_playground/src/main/scala/web/akka/Routes.scala
2021.01.21 16:32:44 WARN  no build target for: /mnt/c/users/81801/workspace/scala_libs/scala_usage_playground/src/main/scala/web/akka/WebApp.scala
Jan 21, 2021 4:32:46 PM org.eclipse.lsp4j.jsonrpc.RemoteEndpoint handleCancellation
WARNING: Unmatched cancel notification for request id 116
2021.01.21 16:33:05 WARN  no build target for: /mnt/c/users/81801/workspace/scala_libs/scala_usage_playground/src/test/scala/web/akka/JWTDirectivesSpec.scala
Jan 21, 2021 4:33:26 PM org.eclipse.lsp4j.jsonrpc.RemoteEndpoint handleCancellation
WARNING: Unmatched cancel notification for request id 146
Jan 21, 2021 4:33:26 PM org.eclipse.lsp4j.jsonrpc.RemoteEndpoint handleCancellation
WARNING: Unmatched cancel notification for request id 148
2021.01.21 16:33:27 WARN  no build target for: /mnt/c/users/81801/workspace/scala_libs/scala_usage_playground/src/test/scala/web/akka/JWTDirectivesSpec.scala
2021.01.21 16:35:24 INFO  shutting down Metals
[0m2021.01.21 19:50:21 INFO  Started: Metals version 0.9.10 in workspace '/mnt/c/users/81801/workspace/scala_libs/scala_usage_playground' for client vscode 1.52.1.[0m
[0m2021.01.21 19:50:23 INFO  time: initialize in 1.88s[0m
[0m2021.01.21 19:50:24 WARN  resetting database: /mnt/c/users/81801/workspace/scala_libs/scala_usage_playground/.metals/metals.h2.db[0m
[0m2021.01.21 19:50:24 WARN  Build server is not auto-connectable.[0m
[0m2021.01.21 19:50:34 INFO  no build target: using presentation compiler with only scala-library[0m
[0m2021.01.21 19:50:37 WARN  no build target for: /mnt/c/users/81801/workspace/scala_libs/scala_usage_playground/src/main/scala/web/akka/JWTDirectives.scala[0m
[0m2021.01.21 19:50:42 INFO  shutting down Metals[0m
